[6284:2068:0618/153237.615:WARNING:CONSOLE(0)] "The page delivered both an 'X-Frame-Options' header and a 'Content-Security-Policy' header with a 'frame-ancestors' directive. Although the 'X-Frame-Options' header alone would have blocked embedding, it has been ignored.", source: chrome-untrusted://new-tab-page/custom_background_image?url= (0)
[6284:2068:0618/153238.049:ERROR:device_event_log_impl.cc(214)] [15:32:38.035] FIDO: webauthn_api.cc:53 Windows WebAuthn API failed to load
[6284:2068:0618/153238.725:WARNING:CONSOLE(0)] "The page delivered both an 'X-Frame-Options' header and a 'Content-Security-Policy' header with a 'frame-ancestors' directive. Although the 'X-Frame-Options' header alone would have blocked embedding, it has been ignored.", source: chrome-untrusted://new-tab-page/one-google-bar?paramsencoded= (0)
[6284:2068:0618/153241.495:INFO:CONSOLE(1)] "Hendlers: Start", source: chrome-extension://klebcgndepdaddnadnmphbmjgfkdllke/main/content/handlers.js (1)
[6284:2068:0618/153241.731:INFO:CONSOLE(344)] "SEReady 2 false", source: chrome-extension://klebcgndepdaddnadnmphbmjgfkdllke/main/background.js (344)
[6284:2068:0618/153242.474:INFO:CONSOLE(5332)] "app.js loaded", source: https://static.surfearner.com/js/app.js?1610522940 (5332)
[6284:2068:0618/153242.476:INFO:CONSOLE(5332)] "app.js loaded", source: https://static.surfearner.com/js/app.js?1610522940 (5332)
[6284:2068:0618/153242.775:INFO:CONSOLE(291)] "AjaxEase ready! v. 0.7.8", source: https://static.surfearner.com/packed.js?814 (291)
[6284:2068:0618/153243.517:INFO:CONSOLE(1)] "Hendlers: Start", source: chrome-extension://klebcgndepdaddnadnmphbmjgfkdllke/main/content/handlers.js (1)
[6284:2068:0618/153243.839:INFO:CONSOLE(344)] "SEReady 2 false", source: chrome-extension://klebcgndepdaddnadnmphbmjgfkdllke/main/background.js (344)
[6284:2068:0618/153246.072:INFO:CONSOLE(5332)] "app.js loaded", source: https://static.surfearner.com/js/app.js?1610522940 (5332)
[6284:2068:0618/153246.073:INFO:CONSOLE(5332)] "app.js loaded", source: https://static.surfearner.com/js/app.js?1610522940 (5332)
[6284:2068:0618/153246.226:INFO:CONSOLE(291)] "AjaxEase ready! v. 0.7.8", source: https://static.surfearner.com/packed.js?814 (291)
[6284:2068:0618/153246.514:INFO:CONSOLE(1)] "Hendlers: Start", source: chrome-extension://klebcgndepdaddnadnmphbmjgfkdllke/main/content/handlers.js (1)
[6284:2068:0618/153246.907:INFO:CONSOLE(344)] "SEReady 2 true", source: chrome-extension://klebcgndepdaddnadnmphbmjgfkdllke/main/background.js (344)
[6284:2068:0618/153248.556:INFO:CONSOLE(5332)] "app.js loaded", source: https://static.surfearner.com/js/app.js?1610522940 (5332)
[6284:2068:0618/153248.558:INFO:CONSOLE(5332)] "app.js loaded", source: https://static.surfearner.com/js/app.js?1610522940 (5332)
[6284:2068:0618/153248.745:INFO:CONSOLE(291)] "AjaxEase ready! v. 0.7.8", source: https://static.surfearner.com/packed.js?814 (291)
[6284:2068:0618/153249.039:INFO:CONSOLE(1)] "Hendlers: Start", source: chrome-extension://klebcgndepdaddnadnmphbmjgfkdllke/main/content/handlers.js (1)
[6284:2068:0618/153249.190:INFO:CONSOLE(344)] "SEReady 2 true", source: chrome-extension://klebcgndepdaddnadnmphbmjgfkdllke/main/background.js (344)
[6284:2068:0618/153251.805:INFO:CONSOLE(5332)] "app.js loaded", source: https://static.surfearner.com/js/app.js?1610522940 (5332)
[6284:2068:0618/153251.805:INFO:CONSOLE(5332)] "app.js loaded", source: https://static.surfearner.com/js/app.js?1610522940 (5332)
[6284:2068:0618/153252.089:INFO:CONSOLE(291)] "AjaxEase ready! v. 0.7.8", source: https://static.surfearner.com/packed.js?814 (291)
[6284:2068:0618/153252.571:INFO:CONSOLE(1)] "Hendlers: Start", source: chrome-extension://klebcgndepdaddnadnmphbmjgfkdllke/main/content/handlers.js (1)
[6284:2068:0618/153252.821:INFO:CONSOLE(344)] "SEReady 16 true", source: chrome-extension://klebcgndepdaddnadnmphbmjgfkdllke/main/background.js (344)
[6284:2068:0618/153253.060:INFO:CONSOLE(51)] "Synchronous XMLHttpRequest on the main thread is deprecated because of its detrimental effects to the end user's experience. For more help, check https://xhr.spec.whatwg.org/.", source: chrome-extension://klebcgndepdaddnadnmphbmjgfkdllke/seyt_page/include/YoutubeUrl.js (51)
[6284:2068:0618/153253.153:INFO:CONSOLE(1)] "Hendlers: Start", source: chrome-extension://klebcgndepdaddnadnmphbmjgfkdllke/main/content/handlers.js (1)
[6284:2068:0618/153253.340:INFO:CONSOLE(344)] "SEReady 16 true", source: chrome-extension://klebcgndepdaddnadnmphbmjgfkdllke/main/background.js (344)
[6284:2068:0618/153255.538:INFO:CONSOLE(3783)] "LegacyDataMixin will be applied to all legacy elements.
Set `_legacyUndefinedCheck: true` on element class to enable.", source: https://www.youtube.com/s/desktop/826a344e/jsbin/desktop_polymer.vflset/desktop_polymer.js (3783)
[6284:2068:0618/153257.142:INFO:CONSOLE(1)] "Hendlers: Start", source: chrome-extension://klebcgndepdaddnadnmphbmjgfkdllke/main/content/handlers.js (1)
[6284:2068:0618/153257.748:INFO:CONSOLE(344)] "SEReady 16 true", source: chrome-extension://klebcgndepdaddnadnmphbmjgfkdllke/main/background.js (344)
[6284:2068:0618/153303.642:INFO:CONSOLE(0)] "The resource https://r8---sn-ug5onuxaxjvh-n8v6.googlevideo.com/generate_204?conn2 was preloaded using link preload but not used within a few seconds from the window's load event. Please make sure it has an appropriate `as` value and it is preloaded intentionally.", source: https://www.youtube.com/watch?v=CI6MjYUR5xU (0)
[6284:2068:0618/153303.642:INFO:CONSOLE(0)] "The resource https://i.ytimg.com/generate_204 was preloaded using link preload but not used within a few seconds from the window's load event. Please make sure it has an appropriate `as` value and it is preloaded intentionally.", source: https://www.youtube.com/watch?v=CI6MjYUR5xU (0)
[6284:2068:0618/153303.642:INFO:CONSOLE(0)] "The resource https://r8---sn-ug5onuxaxjvh-n8v6.googlevideo.com/generate_204 was preloaded using link preload but not used within a few seconds from the window's load event. Please make sure it has an appropriate `as` value and it is preloaded intentionally.", source: https://www.youtube.com/watch?v=CI6MjYUR5xU (0)
[6284:2068:0618/153403.422:INFO:CONSOLE(5332)] "app.js loaded", source: https://static.surfearner.com/js/app.js?1610522940 (5332)
[6284:2068:0618/153403.425:INFO:CONSOLE(5332)] "app.js loaded", source: https://static.surfearner.com/js/app.js?1610522940 (5332)
[6284:2068:0618/153403.577:INFO:CONSOLE(291)] "AjaxEase ready! v. 0.7.8", source: https://static.surfearner.com/packed.js?814 (291)
[6284:2068:0618/153403.946:INFO:CONSOLE(1)] "Hendlers: Start", source: chrome-extension://klebcgndepdaddnadnmphbmjgfkdllke/main/content/handlers.js (1)
[6284:2068:0618/153404.114:INFO:CONSOLE(344)] "SEReady 2 true", source: chrome-extension://klebcgndepdaddnadnmphbmjgfkdllke/main/background.js (344)
[6284:2068:0618/153406.563:INFO:CONSOLE(207)] "AjaxEase error occurred: response_parse "Can't parse the server response"  null", source: https://static.surfearner.com/packed.js?814 (207)
[6284:2068:0618/153412.080:INFO:CONSOLE(207)] "AjaxEase error occurred: response_parse "Can't parse the server response"  null", source: https://static.surfearner.com/packed.js?814 (207)
[6284:2068:0618/153412.128:INFO:CONSOLE(0)] "Unchecked runtime.lastError: The message port closed before a response was received.", source: https://surfearner.com/cpa/video_50219 (0)
[6284:2068:0618/153412.128:INFO:CONSOLE(0)] "Unchecked runtime.lastError: The message port closed before a response was received.", source: https://surfearner.com/cpa/video_50219 (0)
[6284:2068:0618/153412.129:INFO:CONSOLE(0)] "Unchecked runtime.lastError: The message port closed before a response was received.", source: https://surfearner.com/cpa/video_50219 (0)
[6284:2068:0618/153412.129:INFO:CONSOLE(0)] "Unchecked runtime.lastError: The message port closed before a response was received.", source: https://surfearner.com/cpa/video_50219 (0)
[6284:2068:0618/153412.129:INFO:CONSOLE(0)] "Unchecked runtime.lastError: The message port closed before a response was received.", source: https://surfearner.com/cpa/video_50219 (0)
[6284:2068:0618/153412.129:INFO:CONSOLE(0)] "Unchecked runtime.lastError: The message port closed before a response was received.", source: https://surfearner.com/cpa/video_50219 (0)
[6284:2068:0618/153412.130:INFO:CONSOLE(0)] "Unchecked runtime.lastError: The message port closed before a response was received.", source: https://surfearner.com/cpa/video_50219 (0)
[6284:2068:0618/153412.130:INFO:CONSOLE(0)] "Unchecked runtime.lastError: The message port closed before a response was received.", source: https://surfearner.com/cpa/video_50219 (0)
[6284:2068:0618/153412.131:INFO:CONSOLE(0)] "Unchecked runtime.lastError: The message port closed before a response was received.", source: https://surfearner.com/cpa/video_50219 (0)
[6284:2068:0618/153412.131:INFO:CONSOLE(0)] "Unchecked runtime.lastError: The message port closed before a response was received.", source: https://surfearner.com/cpa/video_50219 (0)
[6284:2068:0618/153412.131:INFO:CONSOLE(0)] "Unchecked runtime.lastError: The message port closed before a response was received.", source: https://surfearner.com/cpa/video_50219 (0)
[6284:2068:0618/153412.137:INFO:CONSOLE(0)] "Unchecked runtime.lastError: The message port closed before a response was received.", source: https://surfearner.com/cpa/video_50219 (0)
[6284:2068:0618/153412.137:INFO:CONSOLE(0)] "Unchecked runtime.lastError: The message port closed before a response was received.", source: https://surfearner.com/cpa/video_50219 (0)
[6284:2068:0618/153412.137:INFO:CONSOLE(0)] "Unchecked runtime.lastError: The message port closed before a response was received.", source: https://surfearner.com/cpa/video_50219 (0)
[6284:2068:0618/153412.748:INFO:CONSOLE(0)] "Unchecked runtime.lastError: The message port closed before a response was received.", source: https://surfearner.com/cpa/video_50219 (0)
[6284:2068:0618/153412.749:INFO:CONSOLE(0)] "Unchecked runtime.lastError: The message port closed before a response was received.", source: https://surfearner.com/cpa/video_50219 (0)
[6284:2068:0618/153412.749:INFO:CONSOLE(0)] "Unchecked runtime.lastError: The message port closed before a response was received.", source: https://surfearner.com/cpa/video_50219 (0)
[6284:2068:0618/153412.750:INFO:CONSOLE(0)] "Unchecked runtime.lastError: The message port closed before a response was received.", source: https://surfearner.com/cpa/video_50219 (0)
[6284:2068:0618/153412.750:INFO:CONSOLE(0)] "Unchecked runtime.lastError: The message port closed before a response was received.", source: https://surfearner.com/cpa/video_50219 (0)
[6284:2068:0618/153412.751:INFO:CONSOLE(0)] "Unchecked runtime.lastError: The message port closed before a response was received.", source: https://surfearner.com/cpa/video_50219 (0)
[6284:2068:0618/153412.752:INFO:CONSOLE(0)] "Unchecked runtime.lastError: The message port closed before a response was received.", source: https://surfearner.com/cpa/video_50219 (0)
[6284:2068:0618/153412.752:INFO:CONSOLE(0)] "Unchecked runtime.lastError: The message port closed before a response was received.", source: https://surfearner.com/cpa/video_50219 (0)
[6284:2068:0618/153412.752:INFO:CONSOLE(0)] "Unchecked runtime.lastError: The message port closed before a response was received.", source: https://surfearner.com/cpa/video_50219 (0)
[6284:2068:0618/153412.752:INFO:CONSOLE(0)] "Unchecked runtime.lastError: The message port closed before a response was received.", source: https://surfearner.com/cpa/video_50219 (0)
[6284:2068:0618/153412.752:INFO:CONSOLE(0)] "Unchecked runtime.lastError: The message port closed before a response was received.", source: https://surfearner.com/cpa/video_50219 (0)
[6284:2068:0618/153412.753:INFO:CONSOLE(0)] "Unchecked runtime.lastError: The message port closed before a response was received.", source: https://surfearner.com/cpa/video_50219 (0)
[6284:2068:0618/153412.753:INFO:CONSOLE(0)] "Unchecked runtime.lastError: The message port closed before a response was received.", source: https://surfearner.com/cpa/video_50219 (0)
[6284:2068:0618/153412.753:INFO:CONSOLE(0)] "Unchecked runtime.lastError: The message port closed before a response was received.", source: https://surfearner.com/cpa/video_50219 (0)
[6284:2068:0618/153412.754:INFO:CONSOLE(0)] "Unchecked runtime.lastError: The message port closed before a response was received.", source: https://surfearner.com/cpa/video_50219 (0)
[6284:2068:0618/153412.754:INFO:CONSOLE(0)] "Unchecked runtime.lastError: The message port closed before a response was received.", source: https://surfearner.com/cpa/video_50219 (0)
[6284:2068:0618/153412.754:INFO:CONSOLE(0)] "Unchecked runtime.lastError: The message port closed before a response was received.", source: https://surfearner.com/cpa/video_50219 (0)
[6284:2068:0618/153412.754:INFO:CONSOLE(0)] "Unchecked runtime.lastError: The message port closed before a response was received.", source: https://surfearner.com/cpa/video_50219 (0)
[6284:2068:0618/153412.754:INFO:CONSOLE(0)] "Unchecked runtime.lastError: The message port closed before a response was received.", source: https://surfearner.com/cpa/video_50219 (0)
[6284:2068:0618/153412.755:INFO:CONSOLE(0)] "Unchecked runtime.lastError: The message port closed before a response was received.", source: https://surfearner.com/cpa/video_50219 (0)
[6284:2068:0618/153412.755:INFO:CONSOLE(0)] "Unchecked runtime.lastError: The message port closed before a response was received.", source: https://surfearner.com/cpa/video_50219 (0)
[6284:2068:0618/153414.582:INFO:CONSOLE(1)] "Hendlers: Start", source: chrome-extension://klebcgndepdaddnadnmphbmjgfkdllke/main/content/handlers.js (1)
[6284:2068:0618/153414.771:INFO:CONSOLE(344)] "SEReady 18 true", source: chrome-extension://klebcgndepdaddnadnmphbmjgfkdllke/main/background.js (344)
[6284:2068:0618/153416.461:INFO:CONSOLE(3783)] "LegacyDataMixin will be applied to all legacy elements.
Set `_legacyUndefinedCheck: true` on element class to enable.", source: https://www.youtube.com/s/desktop/826a344e/jsbin/desktop_polymer.vflset/desktop_polymer.js (3783)
[6284:2068:0618/153419.239:INFO:CONSOLE(1)] "Hendlers: Start", source: chrome-extension://klebcgndepdaddnadnmphbmjgfkdllke/main/content/handlers.js (1)
[6284:2068:0618/153419.423:INFO:CONSOLE(344)] "SEReady 18 true", source: chrome-extension://klebcgndepdaddnadnmphbmjgfkdllke/main/background.js (344)
[6284:2068:0618/153422.310:INFO:CONSOLE(0)] "The resource https://i.ytimg.com/generate_204 was preloaded using link preload but not used within a few seconds from the window's load event. Please make sure it has an appropriate `as` value and it is preloaded intentionally.", source: https://www.youtube.com/channel/UCPzeJCl2XeVgETMK4UZnYuA/search?query=NoWarCoin%20 (0)
[6284:2068:0618/153423.098:INFO:CONSOLE(37)] "Uncaught Не найден контракт CPA задания.", source: chrome-extension://klebcgndepdaddnadnmphbmjgfkdllke/seyt_page/background.js (37)
[6284:2068:0618/153423.777:INFO:CONSOLE(103)] "pushShow(): 15", source: chrome-extension://klebcgndepdaddnadnmphbmjgfkdllke/main/content/push.js (103)
[6284:2068:0618/153507.740:INFO:CONSOLE(5332)] "app.js loaded", source: https://static.surfearner.com/js/app.js?1610522940 (5332)
[6284:2068:0618/153507.741:INFO:CONSOLE(5332)] "app.js loaded", source: https://static.surfearner.com/js/app.js?1610522940 (5332)
[6284:2068:0618/153507.912:INFO:CONSOLE(291)] "AjaxEase ready! v. 0.7.8", source: https://static.surfearner.com/packed.js?814 (291)
[6284:2068:0618/153508.250:INFO:CONSOLE(1)] "Hendlers: Start", source: chrome-extension://klebcgndepdaddnadnmphbmjgfkdllke/main/content/handlers.js (1)
[6284:2068:0618/153508.673:INFO:CONSOLE(344)] "SEReady 2 true", source: chrome-extension://klebcgndepdaddnadnmphbmjgfkdllke/main/background.js (344)
[6284:2068:0618/153508.680:INFO:CONSOLE(103)] "pushShow(): 15", source: chrome-extension://klebcgndepdaddnadnmphbmjgfkdllke/main/content/push.js (103)
[6284:2068:0618/153510.730:INFO:CONSOLE(207)] "AjaxEase error occurred: response_parse "Can't parse the server response"  null", source: https://static.surfearner.com/packed.js?814 (207)
[6284:2068:0618/153518.747:INFO:CONSOLE(1)] "Hendlers: Start", source: chrome-extension://klebcgndepdaddnadnmphbmjgfkdllke/main/content/handlers.js (1)
[6284:2068:0618/153518.920:INFO:CONSOLE(103)] "pushShow(): 15", source: chrome-extension://klebcgndepdaddnadnmphbmjgfkdllke/main/content/push.js (103)
[6284:2068:0618/153519.059:INFO:CONSOLE(344)] "SEReady 20 true", source: chrome-extension://klebcgndepdaddnadnmphbmjgfkdllke/main/background.js (344)
[6284:2068:0618/153529.833:INFO:CONSOLE(5332)] "app.js loaded", source: https://static.surfearner.com/js/app.js?1610522940 (5332)
[6284:2068:0618/153529.836:INFO:CONSOLE(5332)] "app.js loaded", source: https://static.surfearner.com/js/app.js?1610522940 (5332)
[6284:2068:0618/153529.970:INFO:CONSOLE(291)] "AjaxEase ready! v. 0.7.8", source: https://static.surfearner.com/packed.js?814 (291)
[6284:2068:0618/153530.264:INFO:CONSOLE(1)] "Hendlers: Start", source: chrome-extension://klebcgndepdaddnadnmphbmjgfkdllke/main/content/handlers.js (1)
[6284:2068:0618/153530.749:INFO:CONSOLE(344)] "SEReady 2 true", source: chrome-extension://klebcgndepdaddnadnmphbmjgfkdllke/main/background.js (344)
[6284:2068:0618/153532.833:INFO:CONSOLE(207)] "AjaxEase error occurred: response_parse "Can't parse the server response"  null", source: https://static.surfearner.com/packed.js?814 (207)
[6284:2068:0618/153540.826:INFO:CONSOLE(1)] "Hendlers: Start", source: chrome-extension://klebcgndepdaddnadnmphbmjgfkdllke/main/content/handlers.js (1)
[6284:2068:0618/153541.095:INFO:CONSOLE(344)] "SEReady 22 true", source: chrome-extension://klebcgndepdaddnadnmphbmjgfkdllke/main/background.js (344)
[6284:2068:0618/153551.817:INFO:CONSOLE(5332)] "app.js loaded", source: https://static.surfearner.com/js/app.js?1610522940 (5332)
[6284:2068:0618/153551.818:INFO:CONSOLE(5332)] "app.js loaded", source: https://static.surfearner.com/js/app.js?1610522940 (5332)
[6284:2068:0618/153551.950:INFO:CONSOLE(291)] "AjaxEase ready! v. 0.7.8", source: https://static.surfearner.com/packed.js?814 (291)
[6284:2068:0618/153552.261:INFO:CONSOLE(1)] "Hendlers: Start", source: chrome-extension://klebcgndepdaddnadnmphbmjgfkdllke/main/content/handlers.js (1)
[6284:2068:0618/153552.670:INFO:CONSOLE(344)] "SEReady 2 true", source: chrome-extension://klebcgndepdaddnadnmphbmjgfkdllke/main/background.js (344)
[6284:2068:0618/153554.835:INFO:CONSOLE(207)] "AjaxEase error occurred: response_parse "Can't parse the server response"  null", source: https://static.surfearner.com/packed.js?814 (207)
[6284:2068:0618/153602.961:INFO:CONSOLE(1)] "Hendlers: Start", source: chrome-extension://klebcgndepdaddnadnmphbmjgfkdllke/main/content/handlers.js (1)
[6284:2068:0618/153603.133:INFO:CONSOLE(344)] "SEReady 24 true", source: chrome-extension://klebcgndepdaddnadnmphbmjgfkdllke/main/background.js (344)
[6284:2068:0618/153613.850:INFO:CONSOLE(5332)] "app.js loaded", source: https://static.surfearner.com/js/app.js?1610522940 (5332)
[6284:2068:0618/153613.852:INFO:CONSOLE(5332)] "app.js loaded", source: https://static.surfearner.com/js/app.js?1610522940 (5332)
[6284:2068:0618/153613.984:INFO:CONSOLE(291)] "AjaxEase ready! v. 0.7.8", source: https://static.surfearner.com/packed.js?814 (291)
[6284:2068:0618/153614.321:INFO:CONSOLE(1)] "Hendlers: Start", source: chrome-extension://klebcgndepdaddnadnmphbmjgfkdllke/main/content/handlers.js (1)
[6284:2068:0618/153614.784:INFO:CONSOLE(344)] "SEReady 2 true", source: chrome-extension://klebcgndepdaddnadnmphbmjgfkdllke/main/background.js (344)
[6284:2068:0618/153616.673:INFO:CONSOLE(207)] "AjaxEase error occurred: response_parse "Can't parse the server response"  null", source: https://static.surfearner.com/packed.js?814 (207)
[6284:2068:0618/153624.781:INFO:CONSOLE(1)] "Hendlers: Start", source: chrome-extension://klebcgndepdaddnadnmphbmjgfkdllke/main/content/handlers.js (1)
[6284:2068:0618/153624.995:INFO:CONSOLE(344)] "SEReady 26 true", source: chrome-extension://klebcgndepdaddnadnmphbmjgfkdllke/main/background.js (344)
[6284:2068:0618/153635.802:INFO:CONSOLE(5332)] "app.js loaded", source: https://static.surfearner.com/js/app.js?1610522940 (5332)
[6284:2068:0618/153635.803:INFO:CONSOLE(5332)] "app.js loaded", source: https://static.surfearner.com/js/app.js?1610522940 (5332)
[6284:2068:0618/153635.935:INFO:CONSOLE(291)] "AjaxEase ready! v. 0.7.8", source: https://static.surfearner.com/packed.js?814 (291)
[6284:2068:0618/153636.239:INFO:CONSOLE(1)] "Hendlers: Start", source: chrome-extension://klebcgndepdaddnadnmphbmjgfkdllke/main/content/handlers.js (1)
[6284:2068:0618/153636.676:INFO:CONSOLE(344)] "SEReady 2 true", source: chrome-extension://klebcgndepdaddnadnmphbmjgfkdllke/main/background.js (344)
[6284:2068:0618/153638.624:INFO:CONSOLE(207)] "AjaxEase error occurred: response_parse "Can't parse the server response"  null", source: https://static.surfearner.com/packed.js?814 (207)
[6284:2068:0618/153646.742:INFO:CONSOLE(1)] "Hendlers: Start", source: chrome-extension://klebcgndepdaddnadnmphbmjgfkdllke/main/content/handlers.js (1)
[6284:2068:0618/153646.807:WARNING:sad_tab.cc(295)] Tab Killed: https://surfearner.com/
[6284:2068:0618/153646.830:WARNING:sad_tab.cc(295)] Tab Killed: https://video-ads.surfearner.com/
[6284:2068:0618/153647.797:WARNING:pref_notifier_impl.cc(40)] Pref observer for media_router.cast_allow_all_ips found at shutdown.
